<?xml version='1.0' encoding='UTF-8'?>
<testsuite hostname="LAPTOP-JQQ9COTV" name="controllertest.ControllerTest" tests="7" errors="0" failures="0" skipped="0" time="21.148">
                     <properties>
[...]
</properties>
                     <testcase classname="controllertest.ControllerTest" name="testSearchHashTagController" time="14.575">
                                                 
                                               </testcase><testcase classname="controllertest.ControllerTest" name="testgetLocationrController" time="0.653">
                                                 
                                               </testcase><testcase classname="controllertest.ControllerTest" name="testshowUserController" time="0.332">
                                                 
                                               </testcase><testcase classname="controllertest.ControllerTest" name="testcreateWordCountController" time="0.477">
                                                 
                                               </testcase><testcase classname="controllertest.ControllerTest" name="testWebSocketreject" time="3.168">
                                                 
                                               </testcase><testcase classname="controllertest.ControllerTest" name="testWebSocketsucess" time="1.339">
                                                 
                                               </testcase><testcase classname="controllertest.ControllerTest" name="testIndexController" time="0.604">
                                                 
                                               </testcase>
                     <system-out><![CDATA[]]></system-out>
                     <system-err><![CDATA[]]></system-err>
                   </testsuite>